ncsim: 10.20-s100: (c) Copyright 1995-2011 Cadence Design Systems, Inc.

-------------------------------------
Relinquished control to SimVision...
ncsim> 
ncsim> database -open waves -into waves.shm -default
Created default SHM database waves
ncsim> probe -create -shm t_ff_tb.clk t_ff_tb.q t_ff_tb.qb t_ff_tb.rst t_ff_tb.t
Created probe 1
ncsim> run
input t=0 ,reset=0 ,output q=x ,qb=x
input t=0 ,reset=1 ,output q=x ,qb=x
input t=0 ,reset=1 ,output q=0 ,qb=1
input t=0 ,reset=0 ,output q=0 ,qb=1
input t=1 ,reset=0 ,output q=0 ,qb=1
input t=1 ,reset=0 ,output q=1 ,qb=0
input t=1 ,reset=0 ,output q=0 ,qb=1
input t=1 ,reset=0 ,output q=1 ,qb=0
input t=1 ,reset=0 ,output q=0 ,qb=1
input t=0 ,reset=0 ,output q=0 ,qb=1
input t=1 ,reset=0 ,output q=0 ,qb=1
input t=1 ,reset=0 ,output q=1 ,qb=0
input t=1 ,reset=0 ,output q=0 ,qb=1
input t=1 ,reset=0 ,output q=1 ,qb=0
input t=1 ,reset=0 ,output q=0 ,qb=1
input t=1 ,reset=0 ,output q=1 ,qb=0
input t=1 ,reset=0 ,output q=0 ,qb=1
input t=1 ,reset=0 ,output q=1 ,qb=0
Simulation complete via $finish(1) at time 200 NS + 0
./t_ff_tb.v:73 #200 $finish;
ncsim> ^C
ncsim> exit
ncsim: Memory Usage - 20.7M program + 31.9M data = 52.6M total
ncsim: CPU Usage - 0.6s system + 4.4s user = 4.9s total (68.8s, 7.2% cpu)
