ncsim: 10.20-s100: (c) Copyright 1995-2011 Cadence Design Systems, Inc.

-------------------------------------
Relinquished control to SimVision...
ncsim> 
ncsim> database -open waves -into waves.shm -default
Created default SHM database waves
ncsim> probe -create -shm fifo16_8_tb.clk fifo16_8_tb.data_in fifo16_8_tb.data_out fifo16_8_tb.empty fifo16_8_tb.full fifo16_8_tb.i fifo16_8_tb.j fifo16_8_tb.re_en fifo16_8_tb.rst fifo16_8_tb.temp fifo16_8_tb.wr_en
Created probe 1
ncsim> run
T=0
 WR=0 RE=0
 DIN=0 DOUT=x
 WR_PTR=x RD_PTR=x
 FULL=x EMPTY=x

T=15
 WR=0 RE=0
 DIN=0 DOUT=0
 WR_PTR=0 RD_PTR=0
 FULL=0 EMPTY=1

T=30
 WR=1 RE=1
 DIN=36 DOUT=0
 WR_PTR=0 RD_PTR=0
 FULL=0 EMPTY=1

T=35
 WR=1 RE=1
 DIN=36 DOUT=0
 WR_PTR=1 RD_PTR=0
 FULL=0 EMPTY=0

T=40
 WR=1 RE=1
 DIN=129 DOUT=0
 WR_PTR=1 RD_PTR=0
 FULL=0 EMPTY=0

T=45
 WR=1 RE=1
 DIN=129 DOUT=36
 WR_PTR=2 RD_PTR=1
 FULL=0 EMPTY=0

T=50
 WR=1 RE=1
 DIN=9 DOUT=36
 WR_PTR=2 RD_PTR=1
 FULL=0 EMPTY=0

T=55
 WR=1 RE=1
 DIN=9 DOUT=129
 WR_PTR=3 RD_PTR=2
 FULL=0 EMPTY=0

T=60
 WR=1 RE=1
 DIN=99 DOUT=129
 WR_PTR=3 RD_PTR=2
 FULL=0 EMPTY=0

T=65
 WR=1 RE=1
 DIN=99 DOUT=9
 WR_PTR=4 RD_PTR=3
 FULL=0 EMPTY=0

T=70
 WR=1 RE=1
 DIN=13 DOUT=9
 WR_PTR=4 RD_PTR=3
 FULL=0 EMPTY=0

T=75
 WR=1 RE=1
 DIN=13 DOUT=99
 WR_PTR=5 RD_PTR=4
 FULL=0 EMPTY=0

T=80
 WR=1 RE=1
 DIN=141 DOUT=99
 WR_PTR=5 RD_PTR=4
 FULL=0 EMPTY=0

T=85
 WR=1 RE=1
 DIN=141 DOUT=13
 WR_PTR=6 RD_PTR=5
 FULL=0 EMPTY=0

T=90
 WR=1 RE=1
 DIN=101 DOUT=13
 WR_PTR=6 RD_PTR=5
 FULL=0 EMPTY=0

T=95
 WR=1 RE=1
 DIN=101 DOUT=141
 WR_PTR=7 RD_PTR=6
 FULL=0 EMPTY=0

T=100
 WR=1 RE=1
 DIN=18 DOUT=141
 WR_PTR=7 RD_PTR=6
 FULL=0 EMPTY=0

T=105
 WR=1 RE=1
 DIN=18 DOUT=101
 WR_PTR=8 RD_PTR=7
 FULL=0 EMPTY=0

T=110
 WR=1 RE=1
 DIN=1 DOUT=101
 WR_PTR=8 RD_PTR=7
 FULL=0 EMPTY=0

T=115
 WR=1 RE=1
 DIN=1 DOUT=18
 WR_PTR=9 RD_PTR=8
 FULL=0 EMPTY=0

T=120
 WR=1 RE=1
 DIN=13 DOUT=18
 WR_PTR=9 RD_PTR=8
 FULL=0 EMPTY=0

T=125
 WR=1 RE=1
 DIN=13 DOUT=1
 WR_PTR=10 RD_PTR=9
 FULL=0 EMPTY=0

T=130
 WR=1 RE=1
 DIN=118 DOUT=1
 WR_PTR=10 RD_PTR=9
 FULL=0 EMPTY=0

T=135
 WR=1 RE=1
 DIN=118 DOUT=13
 WR_PTR=11 RD_PTR=10
 FULL=0 EMPTY=0

T=140
 WR=1 RE=1
 DIN=61 DOUT=13
 WR_PTR=11 RD_PTR=10
 FULL=0 EMPTY=0

T=145
 WR=1 RE=1
 DIN=61 DOUT=118
 WR_PTR=12 RD_PTR=11
 FULL=0 EMPTY=0

T=150
 WR=1 RE=1
 DIN=237 DOUT=118
 WR_PTR=12 RD_PTR=11
 FULL=0 EMPTY=0

T=155
 WR=1 RE=1
 DIN=237 DOUT=61
 WR_PTR=13 RD_PTR=12
 FULL=0 EMPTY=0

T=160
 WR=1 RE=1
 DIN=140 DOUT=61
 WR_PTR=13 RD_PTR=12
 FULL=0 EMPTY=0

T=165
 WR=1 RE=1
 DIN=140 DOUT=237
 WR_PTR=14 RD_PTR=13
 FULL=0 EMPTY=0

T=170
 WR=1 RE=1
 DIN=249 DOUT=237
 WR_PTR=14 RD_PTR=13
 FULL=0 EMPTY=0

T=175
 WR=1 RE=1
 DIN=249 DOUT=140
 WR_PTR=15 RD_PTR=14
 FULL=0 EMPTY=0

T=180
 WR=1 RE=1
 DIN=198 DOUT=140
 WR_PTR=15 RD_PTR=14
 FULL=0 EMPTY=0

T=185
 WR=1 RE=1
 DIN=198 DOUT=249
 WR_PTR=16 RD_PTR=15
 FULL=0 EMPTY=0

T=195
 WR=1 RE=1
 DIN=198 DOUT=198
 WR_PTR=17 RD_PTR=16
 FULL=0 EMPTY=0

T=205
 WR=1 RE=1
 DIN=198 DOUT=198
 WR_PTR=18 RD_PTR=17
 FULL=0 EMPTY=0

T=215
 WR=1 RE=1
 DIN=198 DOUT=198
 WR_PTR=19 RD_PTR=18
 FULL=0 EMPTY=0

T=225
 WR=1 RE=1
 DIN=198 DOUT=198
 WR_PTR=20 RD_PTR=19
 FULL=0 EMPTY=0

T=235
 WR=1 RE=1
 DIN=198 DOUT=198
 WR_PTR=21 RD_PTR=20
 FULL=0 EMPTY=0

T=245
 WR=1 RE=1
 DIN=198 DOUT=198
 WR_PTR=22 RD_PTR=21
 FULL=0 EMPTY=0

T=255
 WR=1 RE=1
 DIN=198 DOUT=198
 WR_PTR=23 RD_PTR=22
 FULL=0 EMPTY=0

T=265
 WR=1 RE=1
 DIN=198 DOUT=198
 WR_PTR=24 RD_PTR=23
 FULL=0 EMPTY=0

T=275
 WR=1 RE=1
 DIN=198 DOUT=198
 WR_PTR=25 RD_PTR=24
 FULL=0 EMPTY=0

T=285
 WR=1 RE=1
 DIN=198 DOUT=198
 WR_PTR=26 RD_PTR=25
 FULL=0 EMPTY=0

T=295
 WR=1 RE=1
 DIN=198 DOUT=198
 WR_PTR=27 RD_PTR=26
 FULL=0 EMPTY=0

T=305
 WR=1 RE=1
 DIN=198 DOUT=198
 WR_PTR=28 RD_PTR=27
 FULL=0 EMPTY=0

T=315
 WR=1 RE=1
 DIN=198 DOUT=198
 WR_PTR=29 RD_PTR=28
 FULL=0 EMPTY=0

T=325
 WR=1 RE=1
 DIN=198 DOUT=198
 WR_PTR=30 RD_PTR=29
 FULL=0 EMPTY=0

T=335
 WR=1 RE=1
 DIN=198 DOUT=198
 WR_PTR=31 RD_PTR=30
 FULL=0 EMPTY=0

T=345
 WR=1 RE=1
 DIN=198 DOUT=198
 WR_PTR=0 RD_PTR=31
 FULL=0 EMPTY=0

T=355
 WR=1 RE=1
 DIN=198 DOUT=198
 WR_PTR=1 RD_PTR=0
 FULL=0 EMPTY=0

T=360
 WR=1 RE=0
 DIN=197 DOUT=198
 WR_PTR=1 RD_PTR=0
 FULL=0 EMPTY=0

T=365
 WR=1 RE=0
 DIN=197 DOUT=198
 WR_PTR=2 RD_PTR=0
 FULL=0 EMPTY=0

T=370
 WR=1 RE=0
 DIN=170 DOUT=198
 WR_PTR=2 RD_PTR=0
 FULL=0 EMPTY=0

T=375
 WR=1 RE=0
 DIN=170 DOUT=198
 WR_PTR=3 RD_PTR=0
 FULL=0 EMPTY=0

T=380
 WR=1 RE=0
 DIN=229 DOUT=198
 WR_PTR=3 RD_PTR=0
 FULL=0 EMPTY=0

T=385
 WR=1 RE=0
 DIN=229 DOUT=198
 WR_PTR=4 RD_PTR=0
 FULL=0 EMPTY=0

T=390
 WR=1 RE=0
 DIN=119 DOUT=198
 WR_PTR=4 RD_PTR=0
 FULL=0 EMPTY=0

T=395
 WR=1 RE=0
 DIN=119 DOUT=198
 WR_PTR=5 RD_PTR=0
 FULL=0 EMPTY=0

T=400
 WR=1 RE=0
 DIN=18 DOUT=198
 WR_PTR=5 RD_PTR=0
 FULL=0 EMPTY=0

T=405
 WR=1 RE=0
 DIN=18 DOUT=198
 WR_PTR=6 RD_PTR=0
 FULL=0 EMPTY=0

T=410
 WR=1 RE=0
 DIN=143 DOUT=198
 WR_PTR=6 RD_PTR=0
 FULL=0 EMPTY=0

T=415
 WR=1 RE=0
 DIN=143 DOUT=198
 WR_PTR=7 RD_PTR=0
 FULL=0 EMPTY=0

T=420
 WR=1 RE=0
 DIN=242 DOUT=198
 WR_PTR=7 RD_PTR=0
 FULL=0 EMPTY=0

T=425
 WR=1 RE=0
 DIN=242 DOUT=198
 WR_PTR=8 RD_PTR=0
 FULL=0 EMPTY=0

T=430
 WR=1 RE=0
 DIN=206 DOUT=198
 WR_PTR=8 RD_PTR=0
 FULL=0 EMPTY=0

T=435
 WR=1 RE=0
 DIN=206 DOUT=198
 WR_PTR=9 RD_PTR=0
 FULL=0 EMPTY=0

T=440
 WR=1 RE=0
 DIN=232 DOUT=198
 WR_PTR=9 RD_PTR=0
 FULL=0 EMPTY=0

T=445
 WR=1 RE=0
 DIN=232 DOUT=198
 WR_PTR=10 RD_PTR=0
 FULL=0 EMPTY=0

T=450
 WR=1 RE=0
 DIN=197 DOUT=198
 WR_PTR=10 RD_PTR=0
 FULL=0 EMPTY=0

T=455
 WR=1 RE=0
 DIN=197 DOUT=198
 WR_PTR=11 RD_PTR=0
 FULL=0 EMPTY=0

T=460
 WR=1 RE=0
 DIN=92 DOUT=198
 WR_PTR=11 RD_PTR=0
 FULL=0 EMPTY=0

T=465
 WR=1 RE=0
 DIN=92 DOUT=198
 WR_PTR=12 RD_PTR=0
 FULL=0 EMPTY=0

T=470
 WR=1 RE=0
 DIN=189 DOUT=198
 WR_PTR=12 RD_PTR=0
 FULL=0 EMPTY=0

T=475
 WR=1 RE=0
 DIN=189 DOUT=198
 WR_PTR=13 RD_PTR=0
 FULL=0 EMPTY=0

T=480
 WR=1 RE=0
 DIN=45 DOUT=198
 WR_PTR=13 RD_PTR=0
 FULL=0 EMPTY=0

T=485
 WR=1 RE=0
 DIN=45 DOUT=198
 WR_PTR=14 RD_PTR=0
 FULL=0 EMPTY=0

T=490
 WR=1 RE=0
 DIN=101 DOUT=198
 WR_PTR=14 RD_PTR=0
 FULL=0 EMPTY=0

T=495
 WR=1 RE=0
 DIN=101 DOUT=198
 WR_PTR=15 RD_PTR=0
 FULL=0 EMPTY=0

T=500
 WR=1 RE=0
 DIN=99 DOUT=198
 WR_PTR=15 RD_PTR=0
 FULL=0 EMPTY=0

T=505
 WR=1 RE=0
 DIN=99 DOUT=198
 WR_PTR=16 RD_PTR=0
 FULL=1 EMPTY=0

T=510
 WR=1 RE=0
 DIN=10 DOUT=198
 WR_PTR=16 RD_PTR=0
 FULL=1 EMPTY=0

Simulation complete via $finish(1) at time 1650 NS + 0
./fifo16_8_tb.v:110 #500 $finish;
ncsim> ^C
ncsim> exit
ncsim: Memory Usage - 20.7M program + 31.9M data = 52.6M total
ncsim: CPU Usage - 35.0s system + 16.5s user = 51.6s total (377.0s, 13.7% cpu)
