ncsim: 10.20-s100: (c) Copyright 1995-2011 Cadence Design Systems, Inc.

-------------------------------------
Relinquished control to SimVision...
ncsim> 
ncsim> database -open waves -into waves.shm -default
Created default SHM database waves
ncsim> probe -create -shm decoder3_8_tb.data_in decoder3_8_tb.data_out decoder3_8_tb.i
Created probe 1
ncsim> run
input data_in= xxx  ,output data_out= xxxxxxxx
input data_in= 000  ,output data_out= 00000001
input data_in= 001  ,output data_out= 00000010
input data_in= 010  ,output data_out= 00000100
input data_in= 011  ,output data_out= 00001000
input data_in= 100  ,output data_out= 00010000
input data_in= 101  ,output data_out= 00100000
input data_in= 110  ,output data_out= 01000000
input data_in= 111  ,output data_out= 10000000
ncsim: *W,RNQUIE: Simulation is complete.
ncsim> ^C
ncsim> exit
ncsim: Memory Usage - 20.7M program + 31.9M data = 52.5M total
ncsim: CPU Usage - 0.4s system + 6.0s user = 6.4s total (66.0s, 9.7% cpu)
