ncsim: 10.20-s100: (c) Copyright 1995-2011 Cadence Design Systems, Inc.

-------------------------------------
Relinquished control to SimVision...
ncsim> 
ncsim> database -open waves -into waves.shm -default
Created default SHM database waves
ncsim> probe -create -shm fifo16_8_tb.clk fifo16_8_tb.data_in fifo16_8_tb.data_out fifo16_8_tb.empty fifo16_8_tb.full fifo16_8_tb.i fifo16_8_tb.j fifo16_8_tb.re_en fifo16_8_tb.rst fifo16_8_tb.temp fifo16_8_tb.wr_en
Created probe 1
ncsim> run
T=0
 WR=0 RE=0
 DIN=0 DOUT=x
 WR_PTR=x RD_PTR=x
 FULL=x EMPTY=x
 COUNT =xxxxx
T=15
 WR=0 RE=0
 DIN=0 DOUT=0
 WR_PTR=0 RD_PTR=0
 FULL=0 EMPTY=1
 COUNT =00000
T=30
 WR=1 RE=1
 DIN=36 DOUT=0
 WR_PTR=0 RD_PTR=0
 FULL=0 EMPTY=1
 COUNT =00000
T=35
 WR=1 RE=1
 DIN=36 DOUT=0
 WR_PTR=1 RD_PTR=0
 FULL=0 EMPTY=0
 COUNT =00001
T=40
 WR=1 RE=1
 DIN=129 DOUT=0
 WR_PTR=1 RD_PTR=0
 FULL=0 EMPTY=0
 COUNT =00001
T=45
 WR=1 RE=1
 DIN=129 DOUT=36
 WR_PTR=2 RD_PTR=1
 FULL=0 EMPTY=1
 COUNT =00000
T=50
 WR=1 RE=1
 DIN=9 DOUT=36
 WR_PTR=2 RD_PTR=1
 FULL=0 EMPTY=1
 COUNT =00000
T=55
 WR=1 RE=1
 DIN=9 DOUT=36
 WR_PTR=3 RD_PTR=1
 FULL=0 EMPTY=0
 COUNT =00001
T=60
 WR=1 RE=1
 DIN=99 DOUT=36
 WR_PTR=3 RD_PTR=1
 FULL=0 EMPTY=0
 COUNT =00001
T=65
 WR=1 RE=1
 DIN=99 DOUT=129
 WR_PTR=4 RD_PTR=2
 FULL=0 EMPTY=1
 COUNT =00000
T=70
 WR=1 RE=1
 DIN=13 DOUT=129
 WR_PTR=4 RD_PTR=2
 FULL=0 EMPTY=1
 COUNT =00000
T=75
 WR=1 RE=1
 DIN=13 DOUT=129
 WR_PTR=5 RD_PTR=2
 FULL=0 EMPTY=0
 COUNT =00001
T=80
 WR=1 RE=1
 DIN=141 DOUT=129
 WR_PTR=5 RD_PTR=2
 FULL=0 EMPTY=0
 COUNT =00001
T=85
 WR=1 RE=1
 DIN=141 DOUT=9
 WR_PTR=6 RD_PTR=3
 FULL=0 EMPTY=1
 COUNT =00000
T=90
 WR=1 RE=1
 DIN=101 DOUT=9
 WR_PTR=6 RD_PTR=3
 FULL=0 EMPTY=1
 COUNT =00000
T=95
 WR=1 RE=1
 DIN=101 DOUT=9
 WR_PTR=7 RD_PTR=3
 FULL=0 EMPTY=0
 COUNT =00001
T=100
 WR=1 RE=1
 DIN=18 DOUT=9
 WR_PTR=7 RD_PTR=3
 FULL=0 EMPTY=0
 COUNT =00001
T=105
 WR=1 RE=1
 DIN=18 DOUT=99
 WR_PTR=8 RD_PTR=4
 FULL=0 EMPTY=1
 COUNT =00000
T=110
 WR=1 RE=1
 DIN=1 DOUT=99
 WR_PTR=8 RD_PTR=4
 FULL=0 EMPTY=1
 COUNT =00000
T=115
 WR=1 RE=1
 DIN=1 DOUT=99
 WR_PTR=9 RD_PTR=4
 FULL=0 EMPTY=0
 COUNT =00001
T=120
 WR=1 RE=1
 DIN=13 DOUT=99
 WR_PTR=9 RD_PTR=4
 FULL=0 EMPTY=0
 COUNT =00001
T=125
 WR=1 RE=1
 DIN=13 DOUT=13
 WR_PTR=10 RD_PTR=5
 FULL=0 EMPTY=1
 COUNT =00000
T=130
 WR=1 RE=1
 DIN=118 DOUT=13
 WR_PTR=10 RD_PTR=5
 FULL=0 EMPTY=1
 COUNT =00000
T=135
 WR=1 RE=1
 DIN=118 DOUT=13
 WR_PTR=11 RD_PTR=5
 FULL=0 EMPTY=0
 COUNT =00001
T=140
 WR=1 RE=1
 DIN=61 DOUT=13
 WR_PTR=11 RD_PTR=5
 FULL=0 EMPTY=0
 COUNT =00001
T=145
 WR=1 RE=1
 DIN=61 DOUT=141
 WR_PTR=12 RD_PTR=6
 FULL=0 EMPTY=1
 COUNT =00000
T=150
 WR=1 RE=1
 DIN=237 DOUT=141
 WR_PTR=12 RD_PTR=6
 FULL=0 EMPTY=1
 COUNT =00000
T=155
 WR=1 RE=1
 DIN=237 DOUT=141
 WR_PTR=13 RD_PTR=6
 FULL=0 EMPTY=0
 COUNT =00001
T=160
 WR=1 RE=1
 DIN=140 DOUT=141
 WR_PTR=13 RD_PTR=6
 FULL=0 EMPTY=0
 COUNT =00001
T=165
 WR=1 RE=1
 DIN=140 DOUT=101
 WR_PTR=14 RD_PTR=7
 FULL=0 EMPTY=1
 COUNT =00000
T=170
 WR=1 RE=1
 DIN=249 DOUT=101
 WR_PTR=14 RD_PTR=7
 FULL=0 EMPTY=1
 COUNT =00000
T=175
 WR=1 RE=1
 DIN=249 DOUT=101
 WR_PTR=15 RD_PTR=7
 FULL=0 EMPTY=0
 COUNT =00001
T=180
 WR=1 RE=1
 DIN=198 DOUT=101
 WR_PTR=15 RD_PTR=7
 FULL=0 EMPTY=0
 COUNT =00001
T=185
 WR=1 RE=1
 DIN=198 DOUT=18
 WR_PTR=16 RD_PTR=8
 FULL=0 EMPTY=1
 COUNT =00000
T=195
 WR=1 RE=1
 DIN=198 DOUT=18
 WR_PTR=17 RD_PTR=8
 FULL=0 EMPTY=0
 COUNT =00001
T=205
 WR=1 RE=1
 DIN=198 DOUT=1
 WR_PTR=18 RD_PTR=9
 FULL=0 EMPTY=1
 COUNT =00000
T=215
 WR=1 RE=1
 DIN=198 DOUT=1
 WR_PTR=19 RD_PTR=9
 FULL=0 EMPTY=0
 COUNT =00001
T=225
 WR=1 RE=1
 DIN=198 DOUT=13
 WR_PTR=20 RD_PTR=10
 FULL=0 EMPTY=1
 COUNT =00000
T=235
 WR=1 RE=1
 DIN=198 DOUT=13
 WR_PTR=21 RD_PTR=10
 FULL=0 EMPTY=0
 COUNT =00001
T=245
 WR=1 RE=1
 DIN=198 DOUT=118
 WR_PTR=22 RD_PTR=11
 FULL=0 EMPTY=1
 COUNT =00000
T=255
 WR=1 RE=1
 DIN=198 DOUT=118
 WR_PTR=23 RD_PTR=11
 FULL=0 EMPTY=0
 COUNT =00001
T=265
 WR=1 RE=1
 DIN=198 DOUT=61
 WR_PTR=24 RD_PTR=12
 FULL=0 EMPTY=1
 COUNT =00000
T=275
 WR=1 RE=1
 DIN=198 DOUT=61
 WR_PTR=25 RD_PTR=12
 FULL=0 EMPTY=0
 COUNT =00001
T=285
 WR=1 RE=1
 DIN=198 DOUT=237
 WR_PTR=26 RD_PTR=13
 FULL=0 EMPTY=1
 COUNT =00000
T=295
 WR=1 RE=1
 DIN=198 DOUT=237
 WR_PTR=27 RD_PTR=13
 FULL=0 EMPTY=0
 COUNT =00001
T=305
 WR=1 RE=1
 DIN=198 DOUT=140
 WR_PTR=28 RD_PTR=14
 FULL=0 EMPTY=1
 COUNT =00000
T=315
 WR=1 RE=1
 DIN=198 DOUT=140
 WR_PTR=29 RD_PTR=14
 FULL=0 EMPTY=0
 COUNT =00001
T=325
 WR=1 RE=1
 DIN=198 DOUT=249
 WR_PTR=30 RD_PTR=15
 FULL=0 EMPTY=1
 COUNT =00000
T=335
 WR=1 RE=1
 DIN=198 DOUT=249
 WR_PTR=31 RD_PTR=15
 FULL=0 EMPTY=0
 COUNT =00001
T=345
 WR=1 RE=1
 DIN=198 DOUT=198
 WR_PTR=0 RD_PTR=16
 FULL=0 EMPTY=1
 COUNT =00000
T=355
 WR=1 RE=1
 DIN=198 DOUT=198
 WR_PTR=1 RD_PTR=16
 FULL=0 EMPTY=0
 COUNT =00001
T=360
 WR=1 RE=1
 DIN=197 DOUT=198
 WR_PTR=1 RD_PTR=16
 FULL=0 EMPTY=0
 COUNT =00001
T=365
 WR=1 RE=1
 DIN=197 DOUT=198
 WR_PTR=2 RD_PTR=17
 FULL=0 EMPTY=1
 COUNT =00000
T=370
 WR=1 RE=1
 DIN=170 DOUT=198
 WR_PTR=2 RD_PTR=17
 FULL=0 EMPTY=1
 COUNT =00000
T=375
 WR=1 RE=1
 DIN=170 DOUT=198
 WR_PTR=3 RD_PTR=17
 FULL=0 EMPTY=0
 COUNT =00001
T=380
 WR=1 RE=0
 DIN=229 DOUT=198
 WR_PTR=3 RD_PTR=17
 FULL=0 EMPTY=0
 COUNT =00001
T=385
 WR=1 RE=0
 DIN=229 DOUT=198
 WR_PTR=4 RD_PTR=17
 FULL=0 EMPTY=0
 COUNT =00010
T=390
 WR=1 RE=0
 DIN=119 DOUT=198
 WR_PTR=4 RD_PTR=17
 FULL=0 EMPTY=0
 COUNT =00010
T=395
 WR=1 RE=0
 DIN=119 DOUT=198
 WR_PTR=5 RD_PTR=17
 FULL=0 EMPTY=0
 COUNT =00011
T=400
 WR=1 RE=0
 DIN=18 DOUT=198
 WR_PTR=5 RD_PTR=17
 FULL=0 EMPTY=0
 COUNT =00011
T=405
 WR=1 RE=0
 DIN=18 DOUT=198
 WR_PTR=6 RD_PTR=17
 FULL=0 EMPTY=0
 COUNT =00100
T=410
 WR=1 RE=1
 DIN=143 DOUT=198
 WR_PTR=6 RD_PTR=17
 FULL=0 EMPTY=0
 COUNT =00100
T=415
 WR=1 RE=1
 DIN=143 DOUT=197
 WR_PTR=7 RD_PTR=18
 FULL=0 EMPTY=0
 COUNT =00011
T=420
 WR=1 RE=1
 DIN=242 DOUT=197
 WR_PTR=7 RD_PTR=18
 FULL=0 EMPTY=0
 COUNT =00011
T=425
 WR=1 RE=1
 DIN=242 DOUT=170
 WR_PTR=8 RD_PTR=19
 FULL=0 EMPTY=0
 COUNT =00010
T=430
 WR=1 RE=0
 DIN=206 DOUT=170
 WR_PTR=8 RD_PTR=19
 FULL=0 EMPTY=0
 COUNT =00010
T=435
 WR=1 RE=0
 DIN=206 DOUT=170
 WR_PTR=9 RD_PTR=19
 FULL=0 EMPTY=0
 COUNT =00011
T=440
 WR=1 RE=0
 DIN=232 DOUT=170
 WR_PTR=9 RD_PTR=19
 FULL=0 EMPTY=0
 COUNT =00011
T=445
 WR=1 RE=0
 DIN=232 DOUT=170
 WR_PTR=10 RD_PTR=19
 FULL=0 EMPTY=0
 COUNT =00100
T=450
 WR=1 RE=0
 DIN=197 DOUT=170
 WR_PTR=10 RD_PTR=19
 FULL=0 EMPTY=0
 COUNT =00100
T=455
 WR=1 RE=0
 DIN=197 DOUT=170
 WR_PTR=11 RD_PTR=19
 FULL=0 EMPTY=0
 COUNT =00101
T=460
 WR=1 RE=1
 DIN=92 DOUT=170
 WR_PTR=11 RD_PTR=19
 FULL=0 EMPTY=0
 COUNT =00101
T=465
 WR=1 RE=1
 DIN=92 DOUT=229
 WR_PTR=12 RD_PTR=20
 FULL=0 EMPTY=0
 COUNT =00100
T=470
 WR=1 RE=1
 DIN=189 DOUT=229
 WR_PTR=12 RD_PTR=20
 FULL=0 EMPTY=0
 COUNT =00100
T=475
 WR=1 RE=1
 DIN=189 DOUT=119
 WR_PTR=13 RD_PTR=21
 FULL=0 EMPTY=0
 COUNT =00011
T=480
 WR=1 RE=0
 DIN=45 DOUT=119
 WR_PTR=13 RD_PTR=21
 FULL=0 EMPTY=0
 COUNT =00011
T=485
 WR=1 RE=0
 DIN=45 DOUT=119
 WR_PTR=14 RD_PTR=21
 FULL=0 EMPTY=0
 COUNT =00100
T=490
 WR=1 RE=0
 DIN=101 DOUT=119
 WR_PTR=14 RD_PTR=21
 FULL=0 EMPTY=0
 COUNT =00100
T=495
 WR=1 RE=0
 DIN=101 DOUT=119
 WR_PTR=15 RD_PTR=21
 FULL=0 EMPTY=0
 COUNT =00101
T=500
 WR=1 RE=0
 DIN=99 DOUT=119
 WR_PTR=15 RD_PTR=21
 FULL=0 EMPTY=0
 COUNT =00101
T=505
 WR=1 RE=0
 DIN=99 DOUT=119
 WR_PTR=16 RD_PTR=21
 FULL=0 EMPTY=0
 COUNT =00110
T=510
 WR=0 RE=1
 DIN=10 DOUT=119
 WR_PTR=16 RD_PTR=21
 FULL=0 EMPTY=0
 COUNT =00110
T=515
 WR=0 RE=1
 DIN=10 DOUT=18
 WR_PTR=16 RD_PTR=22
 FULL=0 EMPTY=0
 COUNT =00101
T=525
 WR=0 RE=1
 DIN=10 DOUT=143
 WR_PTR=16 RD_PTR=23
 FULL=0 EMPTY=0
 COUNT =00100
T=530
 WR=0 RE=0
 DIN=10 DOUT=143
 WR_PTR=16 RD_PTR=23
 FULL=0 EMPTY=0
 COUNT =00100
T=560
 WR=0 RE=1
 DIN=10 DOUT=143
 WR_PTR=16 RD_PTR=23
 FULL=0 EMPTY=0
 COUNT =00100
T=565
 WR=0 RE=1
 DIN=10 DOUT=242
 WR_PTR=16 RD_PTR=24
 FULL=0 EMPTY=0
 COUNT =00011
T=575
 WR=0 RE=1
 DIN=10 DOUT=206
 WR_PTR=16 RD_PTR=25
 FULL=0 EMPTY=0
 COUNT =00010
T=580
 WR=0 RE=0
 DIN=10 DOUT=206
 WR_PTR=16 RD_PTR=25
 FULL=0 EMPTY=0
 COUNT =00010
T=610
 WR=0 RE=1
 DIN=10 DOUT=206
 WR_PTR=16 RD_PTR=25
 FULL=0 EMPTY=0
 COUNT =00010
T=615
 WR=0 RE=1
 DIN=10 DOUT=232
 WR_PTR=16 RD_PTR=26
 FULL=0 EMPTY=0
 COUNT =00001
T=625
 WR=0 RE=1
 DIN=10 DOUT=197
 WR_PTR=16 RD_PTR=27
 FULL=0 EMPTY=1
 COUNT =00000
T=630
 WR=0 RE=0
 DIN=10 DOUT=197
 WR_PTR=16 RD_PTR=27
 FULL=0 EMPTY=1
 COUNT =00000
T=660
 WR=0 RE=1
 DIN=10 DOUT=197
 WR_PTR=16 RD_PTR=27
 FULL=0 EMPTY=1
 COUNT =00000
T=680
 WR=0 RE=0
 DIN=10 DOUT=197
 WR_PTR=16 RD_PTR=27
 FULL=0 EMPTY=1
 COUNT =00000
T=710
 WR=0 RE=1
 DIN=10 DOUT=197
 WR_PTR=16 RD_PTR=27
 FULL=0 EMPTY=1
 COUNT =00000
T=730
 WR=0 RE=0
 DIN=10 DOUT=197
 WR_PTR=16 RD_PTR=27
 FULL=0 EMPTY=1
 COUNT =00000
T=760
 WR=0 RE=1
 DIN=10 DOUT=197
 WR_PTR=16 RD_PTR=27
 FULL=0 EMPTY=1
 COUNT =00000
T=780
 WR=0 RE=0
 DIN=10 DOUT=197
 WR_PTR=16 RD_PTR=27
 FULL=0 EMPTY=1
 COUNT =00000
T=810
 WR=0 RE=1
 DIN=10 DOUT=197
 WR_PTR=16 RD_PTR=27
 FULL=0 EMPTY=1
 COUNT =00000
T=830
 WR=0 RE=0
 DIN=10 DOUT=197
 WR_PTR=16 RD_PTR=27
 FULL=0 EMPTY=1
 COUNT =00000
T=860
 WR=0 RE=1
 DIN=10 DOUT=197
 WR_PTR=16 RD_PTR=27
 FULL=0 EMPTY=1
 COUNT =00000
T=880
 WR=0 RE=0
 DIN=10 DOUT=197
 WR_PTR=16 RD_PTR=27
 FULL=0 EMPTY=1
 COUNT =00000
T=910
 WR=0 RE=1
 DIN=10 DOUT=197
 WR_PTR=16 RD_PTR=27
 FULL=0 EMPTY=1
 COUNT =00000
T=930
 WR=0 RE=0
 DIN=10 DOUT=197
 WR_PTR=16 RD_PTR=27
 FULL=0 EMPTY=1
 COUNT =00000
T=960
 WR=0 RE=1
 DIN=10 DOUT=197
 WR_PTR=16 RD_PTR=27
 FULL=0 EMPTY=1
 COUNT =00000
T=980
 WR=0 RE=0
 DIN=10 DOUT=197
 WR_PTR=16 RD_PTR=27
 FULL=0 EMPTY=1
 COUNT =00000
T=1010
 WR=0 RE=1
 DIN=10 DOUT=197
 WR_PTR=16 RD_PTR=27
 FULL=0 EMPTY=1
 COUNT =00000
T=1030
 WR=0 RE=0
 DIN=10 DOUT=197
 WR_PTR=16 RD_PTR=27
 FULL=0 EMPTY=1
 COUNT =00000
T=1060
 WR=0 RE=1
 DIN=10 DOUT=197
 WR_PTR=16 RD_PTR=27
 FULL=0 EMPTY=1
 COUNT =00000
T=1080
 WR=0 RE=0
 DIN=10 DOUT=197
 WR_PTR=16 RD_PTR=27
 FULL=0 EMPTY=1
 COUNT =00000
T=1110
 WR=0 RE=1
 DIN=10 DOUT=197
 WR_PTR=16 RD_PTR=27
 FULL=0 EMPTY=1
 COUNT =00000
T=1130
 WR=0 RE=0
 DIN=10 DOUT=197
 WR_PTR=16 RD_PTR=27
 FULL=0 EMPTY=1
 COUNT =00000
T=1200
 WR=1 RE=0
 DIN=128 DOUT=197
 WR_PTR=16 RD_PTR=27
 FULL=0 EMPTY=1
 COUNT =00000
T=1205
 WR=1 RE=0
 DIN=128 DOUT=197
 WR_PTR=17 RD_PTR=27
 FULL=0 EMPTY=0
 COUNT =00001
T=1210
 WR=1 RE=0
 DIN=32 DOUT=197
 WR_PTR=17 RD_PTR=27
 FULL=0 EMPTY=0
 COUNT =00001
T=1215
 WR=1 RE=0
 DIN=32 DOUT=197
 WR_PTR=18 RD_PTR=27
 FULL=0 EMPTY=0
 COUNT =00010
T=1220
 WR=1 RE=0
 DIN=170 DOUT=197
 WR_PTR=18 RD_PTR=27
 FULL=0 EMPTY=0
 COUNT =00010
T=1225
 WR=1 RE=0
 DIN=170 DOUT=197
 WR_PTR=19 RD_PTR=27
 FULL=0 EMPTY=0
 COUNT =00011
T=1230
 WR=1 RE=0
 DIN=157 DOUT=197
 WR_PTR=19 RD_PTR=27
 FULL=0 EMPTY=0
 COUNT =00011
T=1235
 WR=1 RE=0
 DIN=157 DOUT=197
 WR_PTR=20 RD_PTR=27
 FULL=0 EMPTY=0
 COUNT =00100
T=1240
 WR=1 RE=0
 DIN=150 DOUT=197
 WR_PTR=20 RD_PTR=27
 FULL=0 EMPTY=0
 COUNT =00100
T=1245
 WR=1 RE=0
 DIN=150 DOUT=197
 WR_PTR=21 RD_PTR=27
 FULL=0 EMPTY=0
 COUNT =00101
T=1250
 WR=1 RE=0
 DIN=19 DOUT=197
 WR_PTR=21 RD_PTR=27
 FULL=0 EMPTY=0
 COUNT =00101
T=1255
 WR=1 RE=0
 DIN=19 DOUT=197
 WR_PTR=22 RD_PTR=27
 FULL=0 EMPTY=0
 COUNT =00110
T=1260
 WR=1 RE=0
 DIN=13 DOUT=197
 WR_PTR=22 RD_PTR=27
 FULL=0 EMPTY=0
 COUNT =00110
T=1265
 WR=1 RE=0
 DIN=13 DOUT=197
 WR_PTR=23 RD_PTR=27
 FULL=0 EMPTY=0
 COUNT =00111
T=1270
 WR=1 RE=0
 DIN=83 DOUT=197
 WR_PTR=23 RD_PTR=27
 FULL=0 EMPTY=0
 COUNT =00111
T=1275
 WR=1 RE=0
 DIN=83 DOUT=197
 WR_PTR=24 RD_PTR=27
 FULL=0 EMPTY=0
 COUNT =01000
T=1280
 WR=1 RE=0
 DIN=107 DOUT=197
 WR_PTR=24 RD_PTR=27
 FULL=0 EMPTY=0
 COUNT =01000
T=1285
 WR=1 RE=0
 DIN=107 DOUT=197
 WR_PTR=25 RD_PTR=27
 FULL=0 EMPTY=0
 COUNT =01001
T=1290
 WR=1 RE=0
 DIN=213 DOUT=197
 WR_PTR=25 RD_PTR=27
 FULL=0 EMPTY=0
 COUNT =01001
T=1295
 WR=1 RE=0
 DIN=213 DOUT=197
 WR_PTR=26 RD_PTR=27
 FULL=0 EMPTY=0
 COUNT =01010
T=1300
 WR=1 RE=0
 DIN=2 DOUT=197
 WR_PTR=26 RD_PTR=27
 FULL=0 EMPTY=0
 COUNT =01010
T=1305
 WR=1 RE=0
 DIN=2 DOUT=197
 WR_PTR=27 RD_PTR=27
 FULL=0 EMPTY=0
 COUNT =01011
T=1310
 WR=1 RE=0
 DIN=174 DOUT=197
 WR_PTR=27 RD_PTR=27
 FULL=0 EMPTY=0
 COUNT =01011
T=1315
 WR=1 RE=0
 DIN=174 DOUT=197
 WR_PTR=28 RD_PTR=27
 FULL=0 EMPTY=0
 COUNT =01100
T=1320
 WR=1 RE=0
 DIN=29 DOUT=197
 WR_PTR=28 RD_PTR=27
 FULL=0 EMPTY=0
 COUNT =01100
T=1325
 WR=1 RE=0
 DIN=29 DOUT=197
 WR_PTR=29 RD_PTR=27
 FULL=0 EMPTY=0
 COUNT =01101
T=1330
 WR=1 RE=0
 DIN=207 DOUT=197
 WR_PTR=29 RD_PTR=27
 FULL=0 EMPTY=0
 COUNT =01101
T=1335
 WR=1 RE=0
 DIN=207 DOUT=197
 WR_PTR=30 RD_PTR=27
 FULL=0 EMPTY=0
 COUNT =01110
T=1340
 WR=1 RE=0
 DIN=35 DOUT=197
 WR_PTR=30 RD_PTR=27
 FULL=0 EMPTY=0
 COUNT =01110
T=1345
 WR=1 RE=0
 DIN=35 DOUT=197
 WR_PTR=31 RD_PTR=27
 FULL=0 EMPTY=0
 COUNT =01111
T=1350
 WR=1 RE=0
 DIN=10 DOUT=197
 WR_PTR=31 RD_PTR=27
 FULL=0 EMPTY=0
 COUNT =01111
T=1355
 WR=1 RE=0
 DIN=10 DOUT=197
 WR_PTR=0 RD_PTR=27
 FULL=1 EMPTY=0
 COUNT =10000
T=1360
 WR=1 RE=0
 DIN=202 DOUT=197
 WR_PTR=0 RD_PTR=27
 FULL=1 EMPTY=0
 COUNT =10000
T=1370
 WR=1 RE=0
 DIN=60 DOUT=197
 WR_PTR=0 RD_PTR=27
 FULL=1 EMPTY=0
 COUNT =10000
T=1410
 WR=0 RE=0
 DIN=60 DOUT=197
 WR_PTR=0 RD_PTR=27
 FULL=1 EMPTY=0
 COUNT =10000
T=1420
 WR=0 RE=1
 DIN=60 DOUT=197
 WR_PTR=0 RD_PTR=27
 FULL=1 EMPTY=0
 COUNT =10000
T=1425
 WR=0 RE=1
 DIN=60 DOUT=174
 WR_PTR=0 RD_PTR=28
 FULL=0 EMPTY=0
 COUNT =01111
T=1435
 WR=0 RE=1
 DIN=60 DOUT=29
 WR_PTR=0 RD_PTR=29
 FULL=0 EMPTY=0
 COUNT =01110
T=1445
 WR=0 RE=1
 DIN=60 DOUT=207
 WR_PTR=0 RD_PTR=30
 FULL=0 EMPTY=0
 COUNT =01101
T=1455
 WR=0 RE=1
 DIN=60 DOUT=35
 WR_PTR=0 RD_PTR=31
 FULL=0 EMPTY=0
 COUNT =01100
T=1465
 WR=0 RE=1
 DIN=60 DOUT=10
 WR_PTR=0 RD_PTR=0
 FULL=0 EMPTY=0
 COUNT =01011
T=1475
 WR=0 RE=1
 DIN=60 DOUT=128
 WR_PTR=0 RD_PTR=1
 FULL=0 EMPTY=0
 COUNT =01010
T=1485
 WR=0 RE=1
 DIN=60 DOUT=32
 WR_PTR=0 RD_PTR=2
 FULL=0 EMPTY=0
 COUNT =01001
T=1495
 WR=0 RE=1
 DIN=60 DOUT=170
 WR_PTR=0 RD_PTR=3
 FULL=0 EMPTY=0
 COUNT =01000
T=1505
 WR=0 RE=1
 DIN=60 DOUT=157
 WR_PTR=0 RD_PTR=4
 FULL=0 EMPTY=0
 COUNT =00111
T=1515
 WR=0 RE=1
 DIN=60 DOUT=150
 WR_PTR=0 RD_PTR=5
 FULL=0 EMPTY=0
 COUNT =00110
T=1525
 WR=0 RE=1
 DIN=60 DOUT=19
 WR_PTR=0 RD_PTR=6
 FULL=0 EMPTY=0
 COUNT =00101
T=1535
 WR=0 RE=1
 DIN=60 DOUT=13
 WR_PTR=0 RD_PTR=7
 FULL=0 EMPTY=0
 COUNT =00100
T=1545
 WR=0 RE=1
 DIN=60 DOUT=83
 WR_PTR=0 RD_PTR=8
 FULL=0 EMPTY=0
 COUNT =00011
T=1555
 WR=0 RE=1
 DIN=60 DOUT=107
 WR_PTR=0 RD_PTR=9
 FULL=0 EMPTY=0
 COUNT =00010
T=1565
 WR=0 RE=1
 DIN=60 DOUT=213
 WR_PTR=0 RD_PTR=10
 FULL=0 EMPTY=0
 COUNT =00001
T=1575
 WR=0 RE=1
 DIN=60 DOUT=2
 WR_PTR=0 RD_PTR=11
 FULL=0 EMPTY=1
 COUNT =00000
Simulation complete via $finish(1) at time 2090 NS + 0
./fifo16_8_tb.v:128 #500 $finish;
ncsim> 